<?xml version="1.0" encoding="UTF-8"?>
<!-- Generated by org.testng.reporters.JUnitReportReporter -->
<testsuite hostname="Avanti" failures="0" tests="2" name="com.sm.RedBus.tests.HomePageTest" time="0.941" errors="0" timestamp="2023-07-31T11:18:53 IST" skipped="0">
  <testcase classname="com.sm.RedBus.tests.HomePageTest" name="hmPageLogoTest" time="0.910"/>
  <testcase classname="com.sm.RedBus.tests.HomePageTest" name="hmPageTitleTest" time="0.031"/>
</testsuite> <!-- com.sm.RedBus.tests.HomePageTest -->
