<?xml version="1.0" encoding="UTF-8"?>
<!-- Generated by org.testng.reporters.JUnitReportReporter -->
<testsuite hostname="SupriyaYadav" failures="0" tests="2" name="com.sm.RedBus.tests.HomePageTest" time="1.259" errors="0" timestamp="2023-07-31T11:05:52 IST" skipped="0">
  <testcase classname="com.sm.RedBus.tests.HomePageTest" name="hmPageTitleTest" time="0.073"/>
  <testcase classname="com.sm.RedBus.tests.HomePageTest" name="hmPageLogoTest" time="1.186"/>
</testsuite> <!-- com.sm.RedBus.tests.HomePageTest -->
